18:52:44 **** Incremental Build of configuration Debug for project ftdi_eeprom_utils ****
make all 
Building file: /home/thk3695/git/ftdi-eeprom-utils/utils/main.c
Invoking: GCC C Compiler
gcc -I/usr/lib/gcc/x86_64-linux-gnu/7/ -O0 -g3 -Wall -c -fmessage-length=0 -Wextra -L. -lftd2xx -lpthread -ldl -lrt -Wl,-rpath -MMD -MP -MF"main.d" -MT"main.d" -o "main.o" "/home/thk3695/git/ftdi-eeprom-utils/utils/main.c"
/home/thk3695/git/ftdi-eeprom-utils/utils/main.c: In function ‘main’:
/home/thk3695/git/ftdi-eeprom-utils/utils/main.c:41:41: warning: implicit declaration of function ‘malloc’ [-Wimplicit-function-declaration]
      devInfo=(FT_DEVICE_LIST_INFO_NODE*)malloc(sizeof(FT_DEVICE_LIST_INFO_NODE)*numDevs);
                                         ^~~~~~
/home/thk3695/git/ftdi-eeprom-utils/utils/main.c:41:41: warning: incompatible implicit declaration of built-in function ‘malloc’
/home/thk3695/git/ftdi-eeprom-utils/utils/main.c:41:41: note: include ‘<stdlib.h>’ or provide a declaration of ‘malloc’
/home/thk3695/git/ftdi-eeprom-utils/utils/main.c:45:22: warning: comparison between signed and unsigned integer expressions [-Wsign-compare]
       for (int i=0; i<numDevs; i++){
                      ^
/home/thk3695/git/ftdi-eeprom-utils/utils/main.c:51:36: warning: format ‘%x’ expects argument of type ‘unsigned int’, but argument 2 has type ‘char *’ [-Wformat=]
        printf(" Serial Number = 0x%x\n", devInfo[i].SerialNumber);
                                   ~^     ~~~~~~~
                                   %s
/home/thk3695/git/ftdi-eeprom-utils/utils/main.c:52:35: warning: format ‘%x’ expects argument of type ‘unsigned int’, but argument 2 has type ‘char *’ [-Wformat=]
        printf(" Description  = 0x%x\n", devInfo[i].Description);
                                  ~^     ~~~~~~~
                                  %s
/home/thk3695/git/ftdi-eeprom-utils/utils/main.c:53:32: warning: format ‘%x’ expects argument of type ‘unsigned int’, but argument 2 has type ‘FT_HANDLE {aka void *}’ [-Wformat=]
        printf(" ftHandle  = 0x%x\n", devInfo[i].ftHandle);
                               ~^     ~~~~~~~~~~~~~~~~~~~
                               %p
Finished building: /home/thk3695/git/ftdi-eeprom-utils/utils/main.c
 
Building target: ftdi_eeprom_utils
Invoking: GCC C Linker
gcc  -o "ftdi_eeprom_utils"  ./main.o   
./main.o: In function `main':
/home/thk3695/git/ftdi-eeprom-utils/utils/main.c:20: undefined reference to `FT_SetVIDPID'
/home/thk3695/git/ftdi-eeprom-utils/utils/main.c:22: undefined reference to `FT_GetVIDPID'
makefile:29: recipe for target 'ftdi_eeprom_utils' failed
/home/thk3695/git/ftdi-eeprom-utils/utils/main.c:31: undefined reference to `FT_CreateDeviceInfoList'
/home/thk3695/git/ftdi-eeprom-utils/utils/main.c:43: undefined reference to `FT_GetDeviceInfoList'
collect2: error: ld returned 1 exit status
make: *** [ftdi_eeprom_utils] Error 1

18:52:44 Build Finished (took 129ms)

